Arguments: 
  C:\Program Files\nodejs\node.exe C:\Program Files\nodejs\node_modules\yarn\bin\yarn.js run deploy

PATH: 
  C:\Program Files (x86)\Common Files\Oracle\Java\javapath;C:\Program Files (x86)\Intel\iCLS Client\;C:\Program Files\Intel\iCLS Client\;C:\Windows\system32;C:\Windows;C:\Windows\System32\Wbem;C:\Windows\System32\WindowsPowerShell\v1.0\;C:\Program Files (x86)\Intel\Intel(R) Management Engine Components\DAL;C:\Program Files\Intel\Intel(R) Management Engine Components\DAL;C:\Program Files (x86)\Intel\Intel(R) Management Engine Components\IPT;C:\Program Files\Intel\Intel(R) Management Engine Components\IPT;C:\Program Files (x86)\NVIDIA Corporation\PhysX\Common;C:\WINDOWS\system32;C:\WINDOWS;C:\WINDOWS\System32\Wbem;C:\WINDOWS\System32\WindowsPowerShell\v1.0\;C:\WINDOWS\System32\OpenSSH\;C:\Program Files\dotnet\;C:\Program Files\NVIDIA Corporation\NVIDIA NvDLISR;C:\Program Files\Git\cmd;%NVM_HOME%;%NVM_SYMLINK%;C:\Users\ravip\AppData\Roaming\Microsoft\Windows\Start Menu\Programs;C:\Users\ravip\AppData\Local\Microsoft\WindowsApps;C:\Users\ravip\.dotnet\tools;C:\Users\ravip\AppData\Local\GitHubDesktop\bin;C:\Users\ravip\AppData\Local\Programs\Microsoft VS Code\bin;C:\Users\ravip\AppData\Roaming\nvm;C:\Program Files\nodejs;C:\Program Files\heroku\bin

Yarn version: 
  1.22.19

Node version: 
  14.18.0

Platform: 
  win32 x64

Trace: 
  SyntaxError: D:\Thesis UPOL\Practical\Web_HikeAPP\Web_HikeAPP\package.json: Unexpected string in JSON at position 306
      at JSON.parse (<anonymous>)
      at C:\Users\ravip\AppData\Roaming\nvm\v14.18.0\node_modules\yarn\lib\cli.js:1629:59
      at Generator.next (<anonymous>)
      at step (C:\Users\ravip\AppData\Roaming\nvm\v14.18.0\node_modules\yarn\lib\cli.js:310:30)
      at C:\Users\ravip\AppData\Roaming\nvm\v14.18.0\node_modules\yarn\lib\cli.js:321:13

npm manifest: 
  {
    "name": "trail-guide",
    "version": "1.1.0",
    "description": "Hiking in Salzburg, Austria",
    "repository": "https://github.com/exploringravi",
    "scripts": {
      "build": "webpack --mode production",
      "start": "webpack-dev-server --mode development --open",
      "lint": "tslint src/**/*.ts"
        "start": "react-scripts start",
        "build": "react-scripts build",
        "test": "react-scripts test",
        "eject": "react-scripts eject",
        "deploy": "gh-pages -d build"
      }
      
    },
    "keywords": [
      "3D",
      "hike",
      "trail"
    ],
    "author": "Ravi Pandey",
    "typings": "src/ts/types.d.ts",
    "devDependencies": {
      "@types/arcgis-js-api": "~4.19.0",
      "@types/dojo": "^1.9.43",
      "@types/nouislider": "^9.0.5",
      "awesome-typescript-loader": "^5.2.1",
      "clean-webpack-plugin": "^1.0.1",
      "copy-webpack-plugin": "^5.0.2",
      "css-loader": "^1.0.1",
      "file-loader": "^3.0.1",
      "html-webpack-plugin": "^3.1.0",
      "image-webpack-loader": "^4.6.0",
      "jshint": "^2.10.2",
      "json-loader": "^0.5.7",
      "mini-css-extract-plugin": "^0.4.4",
      "node-sass": "4.14.1",
      "resolve-url-loader": "^2.3.1",
      "sass-loader": "^6.0.6",
      "serviceworker-webpack-plugin": "^1.0.1",
      "style-loader": "^0.23.1",
      "ts-loader": "^5.3.3",
      "tslint": "^5.14.0",
      "tslint-webpack-plugin": "^2.0.4",
      "typescript": "^3.3.1",
      "uglifyjs-webpack-plugin": "^1.3.0",
      "url-loader": "1.1.2",
      "webpack": "^4.29.2",
      "webpack-cli": "^3.2.3",
      "webpack-dev-server": "^3.1.14",
      "webpack-pwa-manifest": "^3.8.0"
    },
    "dependencies": {
      "async-foreach": "^0.1.3",
      "chalk": "^4.1.0",
      "cross-spawn": "^7.0.3",
      "firebase": "^9.20.0",
      "font-awesome": "^4.7.0",
      "gifsicle": "^7.0.1",
      "glob": "^7.1.2",
      "in-publish": "^2.0.1",
      "lodash.assign": "^4.2.0",
      "lodash.clonedeep": "^4.5.0",
      "lodash.mergewith": "^4.6.2",
      "mkdirp": "^0.5.1",
      "nan": "^2.14.0",
      "node-gyp": "^7.1.2",
      "nouislider": "^13.0.0",
      "npmlog": "^4.0.0",
      "request": "^2.88.2",
      "sass-graph": "^2.2.5",
      "stdout-stream": "^1.4.0",
      "true-case-path": "^1.0.3"
    },
    "resolutions": {
      "chalk": "4.1.2",
      "cross-spawn": "7.0.3",
      "lodash.assign": "4.2.0",
      "mkdirp": "0.5.6",
      "node-gyp": "7.1.2",
      "ansi-styles": "4.3.0",
      "supports-color": "7.2.0",
      "color-convert": "2.0.1",
      "color-name": "1.1.4",
      "has-flag": "4.0.0",
      "path-key": "3.1.1",
      "shebang-command": "2.0.0",
      "which": "2.0.2",
      "shebang-regex": "3.0.0",
      "tslib": "2.5.0",
      "safe-buffer": "5.2.1",
      "@grpc/proto-loader": "0.6.13",
      "long": "4.0.0",
      "protobufjs": "6.11.3",
      "yargs": "16.2.0",
      "cliui": "7.0.4",
      "get-caller-file": "2.0.5",
      "string-width": "4.2.3",
      "y18n": "5.0.8",
      "yargs-parser": "20.2.9",
      "strip-ansi": "6.0.1",
      "wrap-ansi": "7.0.0",
      "ansi-regex": "5.0.1",
      "emoji-regex": "8.0.0",
      "is-fullwidth-code-point": "3.0.0",
      "inherits": "2.0.4",
      "minimatch": "3.1.2",
      "minimist": "1.2.8",
      "nopt": "5.0.0",
      "rimraf": "3.0.2",
      "semver": "7.5.0",
      "tar": "6.1.13",
      "lru-cache": "6.0.0",
      "yallist": "4.0.0",
      "chownr": "2.0.0",
      "minipass": "4.2.8",
      "readable-stream": "2.3.8",
      "core-util-is": "1.0.3",
      "isarray": "1.0.0",
      "string_decoder": "1.1.1",
      "qs": "6.5.3",
      "uuid": "3.4.0",
      "punycode": "2.3.0",
      "extsprintf": "1.3.0",
      "source-map": "0.4.4",
      "find-up": "1.1.2",
      "require-main-filename": "1.0.1",
      "which-module": "1.0.0",
      "locate-path": "3.0.0",
      "p-locate": "3.0.0",
      "path-exists": "2.1.0",
      "p-limit": "2.3.0",
      "p-try": "2.2.0",
      "camelcase": "3.0.0",
      "loader-utils": "1.4.2",
      "webpack-log": "1.2.0",
      "memory-fs": "0.5.0",
      "big.js": "5.2.2",
      "emojis-list": "3.0.0",
      "json5": "1.0.2",
      "braces": "2.3.2",
      "define-property": "2.0.2",
      "extend-shallow": "3.0.2",
      "kind-of": "6.0.3",
      "fill-range": "4.0.0",
      "isobject": "3.0.1",
      "is-extendable": "1.0.1",
      "is-number": "3.0.0",
      "to-regex-range": "2.1.1",
      "is-descriptor": "1.0.2",
      "is-accessor-descriptor": "1.0.0",
      "is-data-descriptor": "1.0.0",
      "debug": "2.6.9",
      "ms": "2.0.0",
      "has-value": "1.0.0",
      "has-values": "1.0.0",
      "for-in": "1.0.2",
      "type": "1.2.0",
      "cacache": "12.0.4",
      "find-cache-dir": "2.1.0",
      "glob-parent": "3.1.0",
      "globby": "7.1.1",
      "is-glob": "4.0.3",
      "normalize-path": "3.0.0",
      "schema-utils": "1.0.0",
      "serialize-javascript": "4.0.0",
      "mississippi": "3.0.0",
      "ssri": "6.0.2",
      "pump": "3.0.0",
      "make-dir": "2.1.0",
      "pkg-dir": "3.0.0",
      "pify": "2.3.0",
      "path-type": "1.1.0",
      "js-tokens": "3.0.2",
      "util.promisify": "1.0.0",
      "commander": "2.17.1",
      "css-select": "4.3.0",
      "htmlparser2": "6.1.0",
      "css-what": "6.1.0",
      "domhandler": "4.3.1",
      "domutils": "2.8.0",
      "nth-check": "2.1.1",
      "domelementtype": "2.3.0",
      "dom-serializer": "1.4.1",
      "entities": "2.2.0",
      "file-type": "4.4.0",
      "execa": "0.10.0",
      "get-stream": "3.0.0",
      "download": "6.2.5",
      "buffer": "5.7.1",
      "got": "7.1.0",
      "p-event": "1.3.0",
      "sort-keys": "1.1.2",
      "lowercase-keys": "1.0.1",
      "p-cancelable": "0.3.0",
      "p-timeout": "1.2.1",
      "url-parse-lax": "1.0.0",
      "prepend-http": "2.0.0",
      "css-tree": "1.0.0-alpha.37",
      "mdn-data": "2.0.4",
      "console-browserify": "1.1.0",
      "convert-source-map": "1.9.0",
      "lodash.defaults": "4.2.0",
      "util": "0.10.3",
      "mime": "2.6.0",
      "estraverse": "4.3.0",
      "bn.js": "4.12.0",
      "chokidar": "3.5.3",
      "anymatch": "3.1.3",
      "is-binary-path": "2.1.0",
      "readdirp": "3.6.0",
      "fsevents": "2.3.2",
      "binary-extensions": "2.2.0",
      "global-modules": "2.0.0",
      "global-prefix": "3.0.0",
      "array-flatten": "2.1.2",
      "bytes": "3.0.0",
      "depd": "2.0.0",
      "http-errors": "2.0.0",
      "setprototypeof": "1.2.0",
      "statuses": "2.0.1",
      "ip-regex": "2.1.0"
    }
  }

yarn manifest: 
  No manifest

Lockfile: 
  No lockfile
